2020-06-25 11:29:53 [restartedMain] INFO  c.nagarro.micro.user.UserApplication - Starting UserApplication on vinodjat with PID 22552 (C:\Users\vinodjat\Documents\Training\Spring Boot\Project\user\target\classes started by vinodjat in C:\Users\vinodjat\Documents\Training\Spring Boot\Project\user)
2020-06-25 11:29:53 [restartedMain] DEBUG c.nagarro.micro.user.UserApplication - Running with Spring Boot v2.3.1.RELEASE, Spring v5.2.7.RELEASE
2020-06-25 11:29:53 [restartedMain] INFO  c.nagarro.micro.user.UserApplication - The following profiles are active: dev
2020-06-25 11:29:54 [restartedMain] INFO  o.s.d.r.c.RepositoryConfigurationDelegate - Bootstrapping Spring Data JPA repositories in DEFERRED mode.
2020-06-25 11:29:54 [restartedMain] INFO  o.s.d.r.c.RepositoryConfigurationDelegate - Finished Spring Data repository scanning in 5ms. Found 1 JPA repository interfaces.
2020-06-25 11:29:54 [restartedMain] INFO  o.s.b.w.e.tomcat.TomcatWebServer - Tomcat initialized with port(s): 8090 (http)
2020-06-25 11:29:54 [restartedMain] INFO  o.a.catalina.core.StandardService - Starting service [Tomcat]
2020-06-25 11:29:54 [restartedMain] INFO  o.a.catalina.core.StandardEngine - Starting Servlet engine: [Apache Tomcat/9.0.36]
2020-06-25 11:29:54 [restartedMain] INFO  o.a.c.c.C.[Tomcat-3].[localhost].[/] - Initializing Spring embedded WebApplicationContext
2020-06-25 11:29:54 [restartedMain] INFO  o.s.b.w.s.c.ServletWebServerApplicationContext - Root WebApplicationContext: initialization completed in 242 ms
2020-06-25 11:29:54 [restartedMain] INFO  o.s.s.c.ThreadPoolTaskExecutor - Initializing ExecutorService 'applicationTaskExecutor'
2020-06-25 11:29:54 [task-1] INFO  o.h.jpa.internal.util.LogHelper - HHH000204: Processing PersistenceUnitInfo [name: default]
2020-06-25 11:29:54 [task-1] INFO  com.zaxxer.hikari.HikariDataSource - HikariPool-29 - Starting...
2020-06-25 11:29:54 [task-1] INFO  com.zaxxer.hikari.HikariDataSource - HikariPool-29 - Start completed.
2020-06-25 11:29:54 [restartedMain] WARN  o.s.b.a.o.j.JpaBaseConfiguration$JpaWebConfiguration - spring.jpa.open-in-view is enabled by default. Therefore, database queries may be performed during view rendering. Explicitly configure spring.jpa.open-in-view to disable this warning
2020-06-25 11:29:54 [task-1] INFO  org.hibernate.dialect.Dialect - HHH000400: Using dialect: org.hibernate.dialect.MySQL5InnoDBDialect
2020-06-25 11:29:54 [task-1] INFO  o.h.e.t.j.p.i.JtaPlatformInitiator - HHH000490: Using JtaPlatform implementation: [org.hibernate.engine.transaction.jta.platform.internal.NoJtaPlatform]
2020-06-25 11:29:54 [task-1] INFO  o.s.o.j.LocalContainerEntityManagerFactoryBean - Initialized JPA EntityManagerFactory for persistence unit 'default'
2020-06-25 11:29:54 [task-2] INFO  o.s.b.d.a.OptionalLiveReloadServer - LiveReload server is running on port 35729
2020-06-25 11:29:54 [restartedMain] INFO  o.s.b.w.e.tomcat.TomcatWebServer - Tomcat started on port(s): 8090 (http) with context path ''
2020-06-25 11:29:54 [restartedMain] INFO  o.s.d.r.c.DeferredRepositoryInitializationListener - Triggering deferred initialization of Spring Data repositories…
2020-06-25 11:29:54 [restartedMain] INFO  o.s.d.r.c.DeferredRepositoryInitializationListener - Spring Data repositories initialized!
2020-06-25 11:29:54 [restartedMain] INFO  c.nagarro.micro.user.UserApplication - Started UserApplication in 0.395 seconds (JVM running for 1777.836)
2020-06-25 11:29:54 [restartedMain] INFO  o.s.b.d.a.ConditionEvaluationDeltaLoggingListener - Condition evaluation unchanged
2020-06-25 11:48:34 [restartedMain] INFO  c.nagarro.micro.user.UserApplication - Starting UserApplication on vinodjat with PID 2264 (C:\Users\vinodjat\Documents\Training\Spring Boot\Project\user\target\classes started by vinodjat in C:\Users\vinodjat\Documents\Training\Spring Boot\Project\user)
2020-06-25 11:48:34 [restartedMain] DEBUG c.nagarro.micro.user.UserApplication - Running with Spring Boot v2.3.1.RELEASE, Spring v5.2.7.RELEASE
2020-06-25 11:48:34 [restartedMain] INFO  c.nagarro.micro.user.UserApplication - The following profiles are active: dev
2020-06-25 11:48:34 [restartedMain] INFO  o.s.b.d.e.DevToolsPropertyDefaultsPostProcessor - Devtools property defaults active! Set 'spring.devtools.add-properties' to 'false' to disable
2020-06-25 11:48:34 [restartedMain] INFO  o.s.b.d.e.DevToolsPropertyDefaultsPostProcessor - For additional web related logging consider setting the 'logging.level.web' property to 'DEBUG'
2020-06-25 11:48:35 [restartedMain] INFO  o.s.d.r.c.RepositoryConfigurationDelegate - Bootstrapping Spring Data JPA repositories in DEFERRED mode.
2020-06-25 11:48:35 [restartedMain] INFO  o.s.d.r.c.RepositoryConfigurationDelegate - Finished Spring Data repository scanning in 80ms. Found 1 JPA repository interfaces.
2020-06-25 11:48:36 [restartedMain] INFO  o.s.b.w.e.tomcat.TomcatWebServer - Tomcat initialized with port(s): 8090 (http)
2020-06-25 11:48:36 [restartedMain] INFO  o.a.coyote.http11.Http11NioProtocol - Initializing ProtocolHandler ["http-nio-8090"]
2020-06-25 11:48:36 [restartedMain] INFO  o.a.catalina.core.StandardService - Starting service [Tomcat]
2020-06-25 11:48:36 [restartedMain] INFO  o.a.catalina.core.StandardEngine - Starting Servlet engine: [Apache Tomcat/9.0.36]
2020-06-25 11:48:36 [restartedMain] INFO  o.a.c.c.C.[Tomcat].[localhost].[/] - Initializing Spring embedded WebApplicationContext
2020-06-25 11:48:36 [restartedMain] INFO  o.s.b.w.s.c.ServletWebServerApplicationContext - Root WebApplicationContext: initialization completed in 2676 ms
2020-06-25 11:48:37 [restartedMain] INFO  o.s.s.c.ThreadPoolTaskExecutor - Initializing ExecutorService 'applicationTaskExecutor'
2020-06-25 11:48:37 [task-1] INFO  o.h.jpa.internal.util.LogHelper - HHH000204: Processing PersistenceUnitInfo [name: default]
2020-06-25 11:48:37 [restartedMain] WARN  o.s.b.a.o.j.JpaBaseConfiguration$JpaWebConfiguration - spring.jpa.open-in-view is enabled by default. Therefore, database queries may be performed during view rendering. Explicitly configure spring.jpa.open-in-view to disable this warning
2020-06-25 11:48:37 [task-1] INFO  org.hibernate.Version - HHH000412: Hibernate ORM core version 5.4.17.Final
2020-06-25 11:48:37 [task-1] INFO  o.h.annotations.common.Version - HCANN000001: Hibernate Commons Annotations {5.1.0.Final}
2020-06-25 11:48:37 [restartedMain] WARN  o.s.b.d.a.OptionalLiveReloadServer - Unable to start LiveReload server
2020-06-25 11:48:37 [restartedMain] INFO  o.a.coyote.http11.Http11NioProtocol - Starting ProtocolHandler ["http-nio-8090"]
2020-06-25 11:48:37 [task-1] INFO  com.zaxxer.hikari.HikariDataSource - HikariPool-1 - Starting...
2020-06-25 11:48:38 [restartedMain] INFO  o.s.b.w.e.tomcat.TomcatWebServer - Tomcat started on port(s): 8090 (http) with context path ''
2020-06-25 11:48:38 [restartedMain] INFO  o.s.d.r.c.DeferredRepositoryInitializationListener - Triggering deferred initialization of Spring Data repositories…
2020-06-25 11:48:38 [task-1] INFO  com.zaxxer.hikari.HikariDataSource - HikariPool-1 - Start completed.
2020-06-25 11:48:38 [task-1] INFO  org.hibernate.dialect.Dialect - HHH000400: Using dialect: org.hibernate.dialect.MySQL5InnoDBDialect
2020-06-25 11:48:39 [task-1] INFO  o.h.e.t.j.p.i.JtaPlatformInitiator - HHH000490: Using JtaPlatform implementation: [org.hibernate.engine.transaction.jta.platform.internal.NoJtaPlatform]
2020-06-25 11:48:40 [task-1] INFO  o.s.o.j.LocalContainerEntityManagerFactoryBean - Initialized JPA EntityManagerFactory for persistence unit 'default'
2020-06-25 11:48:40 [restartedMain] INFO  o.s.d.r.c.DeferredRepositoryInitializationListener - Spring Data repositories initialized!
2020-06-25 11:48:40 [restartedMain] INFO  c.nagarro.micro.user.UserApplication - Started UserApplication in 7.247 seconds (JVM running for 8.227)
2020-06-25 13:47:52 [http-nio-8090-exec-1] INFO  o.a.c.c.C.[Tomcat].[localhost].[/] - Initializing Spring DispatcherServlet 'dispatcherServlet'
2020-06-25 13:47:52 [http-nio-8090-exec-1] INFO  o.s.web.servlet.DispatcherServlet - Initializing Servlet 'dispatcherServlet'
2020-06-25 13:47:52 [http-nio-8090-exec-1] INFO  o.s.web.servlet.DispatcherServlet - Completed initialization in 80 ms
2020-06-25 13:47:52 [http-nio-8090-exec-1] INFO  c.n.m.u.service.impl.UserServiceImpl - Find user by id:1
2020-06-25 13:49:28 [http-nio-8090-exec-3] INFO  c.n.m.u.service.impl.UserServiceImpl - Find user by id:1
2020-06-25 13:51:51 [http-nio-8090-exec-5] INFO  c.n.m.u.service.impl.UserServiceImpl - Find user by id:1
2020-06-25 13:59:52 [http-nio-8090-exec-7] INFO  c.n.m.u.service.impl.UserServiceImpl - Find user by id:1
2020-06-25 14:10:13 [http-nio-8090-exec-9] INFO  c.n.m.u.service.impl.UserServiceImpl - Find user by id:2
2020-06-25 14:10:13 [http-nio-8090-exec-9] WARN  o.s.w.s.m.m.a.ExceptionHandlerExceptionResolver - Resolved [com.nagarro.micro.user.exception.UserNotFoundException: User not found by id:]
2020-06-25 14:15:32 [http-nio-8090-exec-1] INFO  c.n.m.u.service.impl.UserServiceImpl - Find user by id:2
2020-06-25 14:15:32 [http-nio-8090-exec-1] WARN  o.s.w.s.m.m.a.ExceptionHandlerExceptionResolver - Resolved [com.nagarro.micro.user.exception.UserNotFoundException: User not found by id:]
2020-06-25 14:15:56 [http-nio-8090-exec-3] INFO  c.n.m.u.service.impl.UserServiceImpl - Find user by id:2
2020-06-25 14:15:56 [http-nio-8090-exec-3] WARN  o.s.w.s.m.m.a.ExceptionHandlerExceptionResolver - Resolved [com.nagarro.micro.user.exception.UserNotFoundException: User not found by id:]
2020-06-25 14:16:37 [http-nio-8090-exec-4] INFO  c.n.m.u.service.impl.UserServiceImpl - Find user by id:2
2020-06-25 14:16:37 [http-nio-8090-exec-4] WARN  o.s.w.s.m.m.a.ExceptionHandlerExceptionResolver - Resolved [com.nagarro.micro.user.exception.UserNotFoundException: User not found by id:]
2020-06-25 14:17:28 [http-nio-8090-exec-5] INFO  c.n.m.u.service.impl.UserServiceImpl - Find user by id:2
2020-06-25 14:17:28 [http-nio-8090-exec-5] WARN  o.s.w.s.m.m.a.ExceptionHandlerExceptionResolver - Resolved [com.nagarro.micro.user.exception.UserNotFoundException: User not found by id:]
2020-06-25 14:17:48 [http-nio-8090-exec-7] INFO  c.n.m.u.service.impl.UserServiceImpl - Find user by id:2
2020-06-25 14:17:48 [http-nio-8090-exec-7] WARN  o.s.w.s.m.m.a.ExceptionHandlerExceptionResolver - Resolved [com.nagarro.micro.user.exception.UserNotFoundException: User not found by id:]
2020-06-25 14:17:52 [http-nio-8090-exec-8] INFO  c.n.m.u.service.impl.UserServiceImpl - Find user by id:4
2020-06-25 14:17:52 [http-nio-8090-exec-8] WARN  o.s.w.s.m.m.a.ExceptionHandlerExceptionResolver - Resolved [com.nagarro.micro.user.exception.UserNotFoundException: User not found by id:]
2020-06-25 14:17:59 [http-nio-8090-exec-9] INFO  c.n.m.u.service.impl.UserServiceImpl - Find user by id:1
2020-06-25 14:19:36 [http-nio-8090-exec-2] INFO  c.n.m.u.service.impl.UserServiceImpl - Find user by id:2
2020-06-25 14:19:36 [http-nio-8090-exec-2] WARN  o.s.w.s.m.m.a.ExceptionHandlerExceptionResolver - Resolved [com.nagarro.micro.user.exception.UserNotFoundException: User not found by id:]
2020-06-25 14:20:17 [http-nio-8090-exec-3] INFO  c.n.m.u.service.impl.UserServiceImpl - Find user by id:2
2020-06-25 14:20:17 [http-nio-8090-exec-3] WARN  o.s.w.s.m.m.a.ExceptionHandlerExceptionResolver - Resolved [com.nagarro.micro.user.exception.UserNotFoundException: User not found by id:]
2020-06-25 14:20:31 [http-nio-8090-exec-4] INFO  c.n.m.u.service.impl.UserServiceImpl - Find user by id:2
2020-06-25 14:20:31 [http-nio-8090-exec-4] WARN  o.s.w.s.m.m.a.ExceptionHandlerExceptionResolver - Resolved [com.nagarro.micro.user.exception.UserNotFoundException: User not found by id:]
2020-06-25 14:21:00 [http-nio-8090-exec-5] INFO  c.n.m.u.service.impl.UserServiceImpl - Find user by id:2
2020-06-25 14:21:00 [http-nio-8090-exec-5] WARN  o.s.w.s.m.m.a.ExceptionHandlerExceptionResolver - Resolved [com.nagarro.micro.user.exception.UserNotFoundException: User not found by id:]
2020-06-25 14:21:20 [http-nio-8090-exec-6] INFO  c.n.m.u.service.impl.UserServiceImpl - Find user by id:2
2020-06-25 14:21:20 [http-nio-8090-exec-6] WARN  o.s.w.s.m.m.a.ExceptionHandlerExceptionResolver - Resolved [com.nagarro.micro.user.exception.UserNotFoundException: User not found by id:]
2020-06-25 14:21:45 [http-nio-8090-exec-7] INFO  c.n.m.u.service.impl.UserServiceImpl - Find user by id:2
2020-06-25 14:21:45 [http-nio-8090-exec-7] WARN  o.s.w.s.m.m.a.ExceptionHandlerExceptionResolver - Resolved [com.nagarro.micro.user.exception.UserNotFoundException: User not found by id:]
2020-06-25 14:55:07 [HikariPool-1 housekeeper] WARN  com.zaxxer.hikari.pool.HikariPool - HikariPool-1 - Thread starvation or clock leap detected (housekeeper delta=15m26s310ms340µs600ns).
